Starting Headless UI Verification Pipeline

‚ñ∂Ô∏è  TypeScript Check...
‚ùå TypeScript Check failed
server/routes/templateValidation.ts(59,35): error TS18046: 'error' is of type 'unknown'.
server/services/templateProcessor.ts(141,15): error TS2769: No overload matches this call.
  Overload 1 of 2, '(text: string, x?: number | undefined, y?: number | undefined, options?: TextOptions | undefined): PDFDocument', gave the following error.
    Argument of type '{ indent: number; fontSize: number; }' is not assignable to parameter of type 'number'.
  Overload 2 of 2, '(text: string, options?: TextOptions | undefined): PDFDocument', gave the following error.
    Object literal may only specify known properties, and 'fontSize' does not exist in type 'TextOptions'.
server/services/templateProcessor.ts(173,37): error TS2339: Property 'addWorkbook' does not exist on type 'Workbook'.
server/services/templateProcessor.ts(231,39): error TS2802: Type 'MapIterator<[string, { total: number; answered: number; }]>' can only be iterated through when using the '--downlevelIteration' flag or with a '--target' of 'es2015' or higher.


‚ñ∂Ô∏è  ESLint Check...
‚ùå ESLint Check failed

/home/runner/workspace/client/src/api.ts
  23:58  warning  Unexpected any. Specify a different type  @typescript-eslint/no-explicit-any

/home/runner/workspace/client/src/hooks/use-toast.ts
  18:7  error  'actionTypes' is assigned a value but only used as a type  @typescript-eslint/no-unused-vars

/home/runner/workspace/client/src/pages/AssessmentDetail.tsx
  1:10  error  'useState' is defined but never used  @typescript-eslint/no-unused-vars
  3:39  error  'Sheet' is defined but never used     @typescript-eslint/no-unused-vars
  3:46  error  'Mail' is defined but never used      @typescript-eslint/no-unused-vars
  3:52  error  'Download' is defined but never used  @typescript-eslint/no-unused-vars
  3:62  error  'Shield' is defined but never used    @typescript-eslint/no-unused-vars

/home/runner/workspace/client/src/pages/AssessmentDetail/QuestionsTab.tsx
   14:10  error    'Loader2' is defined but never used                                                                                                                                                                                                                                          @typescript-eslint/no-unused-vars
   27:11  warning  Unexpected any. Specify a different type                                                                                                                                                                                                                                     @typescript-eslint/no-explicit-any
  141:14  error    'err' is defined but never used                                                                                                                                                                                                                                              @typescript-eslint/no-unused-vars
  171:26  warning  The ref value 'pendingAnswers.current' will likely have changed by the time this effect cleanup function runs. If this ref points to a node rendered by React, copy 'pendingAnswers.current' to a variable inside the effect, and use that variable in the cleanup function  react-hooks/exhaustive-deps
  336:53  error    'index' is defined but never used. Allowed unused args must match /^_/u                                                                                                                                                                                                      @typescript-eslint/no-unused-vars

/home/runner/workspace/scripts/verify-ui-headless.ts
   70:15  error    'output' is assigned a value but never used  @typescript-eslint/no-unused-vars
   86:21  warning  Unexpected any. Specify a different type     @typescript-eslint/no-explicit-any
  114:18  error    '_fixError' is defined but never used        @typescript-eslint/no-unused-vars

/home/runner/workspace/scripts/verify-ui.ts
  50:13  error    'output' is assigned a value but never used  @typescript-eslint/no-unused-vars
  57:21  warning  Unexpected any. Specify a different type     @typescript-eslint/no-explicit-any
  76:18  error    'fixError' is defined but never used         @typescript-eslint/no-unused-vars

/home/runner/workspace/server/index.ts
  12:44  warning  Unexpected any. Specify a different type  @typescript-eslint/no-explicit-any
  42:17  warning  Unexpected any. Specify a different type  @typescript-eslint/no-explicit-any

/home/runner/workspace/server/routes/adminImport.ts
  31:29  warning  Unexpected any. Specify a different type  @typescript-eslint/no-explicit-any

/home/runner/workspace/server/routes/assessments.ts
  85:84  warning  Unexpected any. Specify a different type     @typescript-eslint/no-explicit-any
  90:13  error    'clause' is assigned a value but never used  @typescript-eslint/no-unused-vars
  90:38  warning  Unexpected any. Specify a different type     @typescript-eslint/no-explicit-any

/home/runner/workspace/server/routes/exports.ts
  63:80  warning  Unexpected any. Specify a different type  @typescript-eslint/no-explicit-any

/home/runner/workspace/server/services/templateProcessor.ts
   4:10  error    'PrismaClient' is defined but never used           @typescript-eslint/no-unused-vars
   7:22  error    'DocxDocument' is defined but never used           @typescript-eslint/no-unused-vars
  21:24  warning  Unexpected any. Specify a different type           @typescript-eslint/no-explicit-any
  48:11  error    'templatePath' is assigned a value but never used  @typescript-eslint/no-unused-vars

/home/runner/workspace/server/services/templateValidator.ts
  127:32  warning  Unexpected any. Specify a different type  @typescript-eslint/no-explicit-any

/home/runner/workspace/server/tools/import-questions.ts
  30:20  warning  Unexpected any. Specify a different type  @typescript-eslint/no-explicit-any
  51:28  warning  Unexpected any. Specify a different type  @typescript-eslint/no-explicit-any
  85:15  warning  Unexpected any. Specify a different type  @typescript-eslint/no-explicit-any

/home/runner/workspace/tests/ui/setup/global-setup.ts
  11:43  warning  Unexpected any. Specify a different type  @typescript-eslint/no-explicit-any

/home/runner/workspace/tests/ui/setup/global-teardown.ts
  5:58  warning  Unexpected any. Specify a different type  @typescript-eslint/no-explicit-any

‚úñ 35 problems (17 errors, 18 warnings)


üîß Attempting auto-fix...
‚ö†Ô∏è  Auto-fix applied but some issues remain

‚ñ∂Ô∏è  Frontend Build Check...
‚úÖ Frontend Build Check passed

‚ñ∂Ô∏è  Server Accessibility Check...
‚ùå Server Accessibility Check failed

‚ñ∂Ô∏è  API Endpoint Check...
‚úÖ API Endpoint Check passed

üìä Verification Summary:
‚ùå TypeScript Check
‚ùå ESLint Check
‚úÖ Frontend Build Check
‚ùå Server Accessibility Check
‚úÖ API Endpoint Check

üí• Some critical verifications failed. Please fix issues before proceeding.

üí° Immediate Resolution Steps:
1. Auto-fix ESLint issues: npx eslint . --ext .ts,.tsx,.js,.jsx --fix
2. Check TypeScript errors and fix manually
3. Ensure development server is running: npm run dev
4. Re-run verification: npx tsx scripts/verify-ui-headless.ts
